<?xml version="1.0" encoding="UTF-8"?>
<!-- Generated by org.testng.reporters.JUnitXMLReporter -->
<testsuite hostname="DESKTOP-8S455D7" ignored="0" name="Command line test" tests="4" failures="0" timestamp="30 Dec 2021 10:43:51 GMT" time="7.443" errors="0">
  <testcase name="createConatctTest" time="7.398" classname="com.ccrm.contacttest.ConatctTest"/>
  <testcase name="modifyContactTest" time="0.0" classname="com.ccrm.contacttest.ConatctTest"/>
  <testcase name="createOrgTest" time="0.0" classname="com.ccrm.orgTest.OrgTest"/>
  <testcase name="modifyOrgTest" time="0.0" classname="com.ccrm.orgTest.OrgTest"/>
</testsuite> <!-- Command line test -->
