<?xml version="1.0" encoding="UTF-8"?>
<!-- Generated by org.testng.reporters.JUnitXMLReporter -->
<testsuite hostname="DESKTOP-8S455D7" ignored="0" name="Test" tests="4" failures="0" timestamp="30 Dec 2021 10:35:18 GMT" time="0.051" errors="0">
  <testcase name="createConatctTest" time="0.006" classname="com.ccrm.contacttest.ConatctTest"/>
  <testcase name="modifyContactTest" time="0.001" classname="com.ccrm.contacttest.ConatctTest"/>
  <testcase name="createOrgTest" time="0.0" classname="com.ccrm.orgTest.OrgTest"/>
  <testcase name="modifyOrgTest" time="0.001" classname="com.ccrm.orgTest.OrgTest"/>
</testsuite> <!-- Test -->
